{"logLevel":"debug","message":"multithreading is set to false"}
{"logLevel":"debug","message":"Using reflection to scan dependencies for gauge implementations..."}
{"logLevel":"debug","message":"gauge-java took 2129milliseconds to load and scan. This should be less than 'runner_connection_timeout' config value."}
{"logLevel":"debug","message":"run 'gauge config runner_connection_timeout' and verify that it is < 2129"}
{"logLevel":"debug","message":"starting gRPC server..."}
{"logLevel":"debug","message":"started gRPC server on port 62578"}
{"logLevel":"info","message":"Listening on port:62578"}
[pool-1-thread-1] INFO org.reflections.Reflections - Reflections took 4187 ms to scan 90 urls, producing 10312 keys and 55859 values
{"logLevel":"debug","message":"Scanning packages for steps"}
{"logLevel":"debug","message":"Comparing 'steps.GuestSteps.waitForsecond' and 'steps.GuestSteps.waitForsecond'"}
{"logLevel":"debug","message":"Found {} saniye bekle in current project scope."}
{"logLevel":"debug","message":"Comparing 'steps.GuestSteps.loginClick' and 'steps.GuestSteps.loginClick'"}
{"logLevel":"debug","message":"Found Login butonuna t覺kla in current project scope."}
{"logLevel":"debug","message":"Comparing 'steps.GuestSteps.findLogin' and 'steps.GuestSteps.findLogin'"}
{"logLevel":"debug","message":"Found Login butonunu bul in current project scope."}
{"logLevel":"debug","message":"Comparing 'steps.GuestSteps.controlHepsiBurada' and 'steps.GuestSteps.controlHepsiBurada'"}
{"logLevel":"debug","message":"Found HepsiBurada Kontrol in current project scope."}
{"logLevel":"debug","message":"Scanning packages for hooks"}
{"logLevel":"debug","message":"Scanned steps (using static parsing + reflections): "}
{"logLevel":"debug","message":"\tLogin butonunu bul : public void findLogin()"}
{"logLevel":"debug","message":"\tLogin butonuna t覺kla : public void loginClick()"}
{"logLevel":"debug","message":"\t{} saniye bekle : public void waitForsecond(覺nt time) throws InterruptedException"}
{"logLevel":"debug","message":"\tHepsiBurada Kontrol : public void controlHepsiBurada()"}
[pool-2-thread-1] INFO org.reflections.Reflections - Reflections took 2947 ms to scan 90 urls, producing 10228 keys and 46844 values
Starting ChromeDriver 106.0.5249.61 (511755355844955cd3e264779baf0dd38212a4d0-refs/branch-heads/5249@{#569}) on port 20545
Only local connections are allowed.
Please see https://chromedriver.chromium.org/security-considerations for suggestions on keeping ChromeDriver safe.
ChromeDriver was started successfully.
Eki 05, 2022 9:50:35 AM org.openqa.selenium.remote.ProtocolHandshake createSession
INFO: Detected dialect: W3C
{"logLevel":"debug","message":"Executing '{} saniye bekle' using 'class steps.GuestSteps.waitForsecond"}
{"logLevel":"debug","message":"Executing 'HepsiBurada Kontrol' using 'class steps.GuestSteps.controlHepsiBurada"}
{"logLevel":"debug","message":"Executing '{} saniye bekle' using 'class steps.GuestSteps.waitForsecond"}
{"logLevel":"debug","message":"Executing 'Login butonunu bul' using 'class steps.GuestSteps.findLogin"}
{"logLevel":"debug","message":"Executing '{} saniye bekle' using 'class steps.GuestSteps.waitForsecond"}
{"logLevel":"debug","message":"Executing 'Login butonuna t覺kla' using 'class steps.GuestSteps.loginClick"}
{"logLevel":"debug","message":"Executing '{} saniye bekle' using 'class steps.GuestSteps.waitForsecond"}
{"logLevel":"debug","message":"Killing Java runner..."}
{"logLevel":"debug","message":"Stopping execution pool..."}
{"logLevel":"debug","message":"Shutting down grpc server..."}
{"logLevel":"debug","message":"Runner killed gracefully."}
