{"logLevel":"debug","message":"multithreading is set to false"}
{"logLevel":"debug","message":"Using reflection to scan dependencies for gauge implementations..."}
SLF4J: A number (6) of logging calls during the initialization phase have been intercepted and are
SLF4J: now being replayed. These are subject to the filtering rules of the underlying logging system.
SLF4J: See also http://www.slf4j.org/codes.html#replay
{"logLevel":"debug","message":"gauge-java took 1892milliseconds to load and scan. This should be less than 'runner_connection_timeout' config value."}
{"logLevel":"debug","message":"run 'gauge config runner_connection_timeout' and verify that it is < 1892"}
{"logLevel":"debug","message":"starting gRPC server..."}
{"logLevel":"debug","message":"started gRPC server on port 57509"}
{"logLevel":"info","message":"Listening on port:57509"}
[pool-1-thread-1] INFO org.reflections.Reflections - Reflections took 2601 ms to scan 90 urls, producing 10306 keys and 55829 values
{"logLevel":"debug","message":"Scanning packages for steps"}
{"logLevel":"debug","message":"Comparing 'steps.GuestSteps.waitForsecond' and 'steps.GuestSteps.waitForsecond'"}
{"logLevel":"debug","message":"Found {} saniye bekle in current project scope."}
{"logLevel":"debug","message":"Scanning packages for hooks"}
{"logLevel":"debug","message":"Scanned steps (using static parsing + reflections): "}
{"logLevel":"debug","message":"\t{} saniye bekle : public void waitForsecond(ınt time) throws InterruptedException"}
[pool-2-thread-1] INFO org.reflections.Reflections - Reflections took 943 ms to scan 90 urls, producing 10222 keys and 46826 values
{"logLevel":"debug","message":"Executing '{} saniye bekle' using 'class steps.GuestSteps.waitForsecond"}
{"logLevel":"debug","message":"Killing Java runner..."}
{"logLevel":"debug","message":"Stopping execution pool..."}
{"logLevel":"debug","message":"Shutting down grpc server..."}
{"logLevel":"debug","message":"Runner killed gracefully."}
