{"logLevel":"debug","message":"multithreading is set to false"}
{"logLevel":"debug","message":"Using reflection to scan dependencies for gauge implementations..."}
{"logLevel":"debug","message":"gauge-java took 2485milliseconds to load and scan. This should be less than 'runner_connection_timeout' config value."}
{"logLevel":"debug","message":"run 'gauge config runner_connection_timeout' and verify that it is < 2485"}
{"logLevel":"debug","message":"starting gRPC server..."}
{"logLevel":"debug","message":"started gRPC server on port 60865"}
{"logLevel":"info","message":"Listening on port:60865"}
[pool-1-thread-1] INFO org.reflections.Reflections - Reflections took 6059 ms to scan 90 urls, producing 10306 keys and 55829 values
{"logLevel":"debug","message":"Scanning packages for steps"}
{"logLevel":"debug","message":"Comparing 'steps.GuestSteps.controlGuestPage' and 'steps.GuestSteps.controlGuestPage'"}
{"logLevel":"debug","message":"Found Guest Page Control in current project scope."}
{"logLevel":"debug","message":"Scanning packages for hooks"}
{"logLevel":"debug","message":"Scanned steps (using static parsing + reflections): "}
{"logLevel":"debug","message":"\tGuest Page Control : public void controlGuestPage() throws InterruptedException"}
[pool-2-thread-1] INFO org.reflections.Reflections - Reflections took 2657 ms to scan 90 urls, producing 10222 keys and 46826 values
{"logLevel":"debug","message":"Executing 'Guest Page Control' using 'class steps.GuestSteps.controlGuestPage"}
{"logLevel":"debug","message":"Killing Java runner..."}
{"logLevel":"debug","message":"Stopping execution pool..."}
{"logLevel":"debug","message":"Shutting down grpc server..."}
{"logLevel":"debug","message":"Runner killed gracefully."}
