{"logLevel":"debug","message":"multithreading is set to false"}
{"logLevel":"debug","message":"Using reflection to scan dependencies for gauge implementations..."}
{"logLevel":"debug","message":"gauge-java took 1993milliseconds to load and scan. This should be less than 'runner_connection_timeout' config value."}
{"logLevel":"debug","message":"run 'gauge config runner_connection_timeout' and verify that it is < 1993"}
{"logLevel":"debug","message":"starting gRPC server..."}
{"logLevel":"debug","message":"started gRPC server on port 55543"}
{"logLevel":"info","message":"Listening on port:55543"}
[pool-1-thread-1] INFO org.reflections.Reflections - Reflections took 2561 ms to scan 90 urls, producing 10304 keys and 55829 values
{"logLevel":"debug","message":"Scanning packages for steps"}
{"logLevel":"debug","message":"Comparing 'org.example.StepImplementation.controlHover' and 'org.example.StepImplementation.controlHover'"}
{"logLevel":"debug","message":"Found Go to Login Button in current project scope."}
{"logLevel":"debug","message":"Comparing 'org.example.StepImplementation.gotoGetStartedPage' and 'org.example.StepImplementation.gotoGetStartedPage'"}
{"logLevel":"debug","message":"Found Go to Gauge Get Started Page in current project scope."}
{"logLevel":"debug","message":"Comparing 'org.example.StepImplementation.test' and 'org.example.StepImplementation.test'"}
{"logLevel":"debug","message":"Found Test in current project scope."}
{"logLevel":"debug","message":"Scanning packages for hooks"}
{"logLevel":"debug","message":"Scanned steps (using static parsing + reflections): "}
{"logLevel":"debug","message":"\tGo to Gauge Get Started Page : public void gotoGetStartedPage() throws InterruptedException"}
{"logLevel":"debug","message":"\tGo to Login Button : public void controlHover() throws InterruptedException"}
{"logLevel":"debug","message":"\tTest : public void test()"}
[pool-2-thread-1] INFO org.reflections.Reflections - Reflections took 1090 ms to scan 90 urls, producing 10222 keys and 46826 values
{"logLevel":"debug","message":"Executing 'Go to Gauge Get Started Page' using 'class org.example.StepImplementation.gotoGetStartedPage"}
{"logLevel":"debug","message":"Killing Java runner..."}
{"logLevel":"debug","message":"Stopping execution pool..."}
{"logLevel":"debug","message":"Shutting down grpc server..."}
{"logLevel":"debug","message":"Runner killed gracefully."}
