{"logLevel":"debug","message":"multithreading is set to false"}
{"logLevel":"debug","message":"Using reflection to scan dependencies for gauge implementations..."}
{"logLevel":"debug","message":"gauge-java took 2434milliseconds to load and scan. This should be less than 'runner_connection_timeout' config value."}
{"logLevel":"debug","message":"run 'gauge config runner_connection_timeout' and verify that it is < 2434"}
{"logLevel":"debug","message":"starting gRPC server..."}
{"logLevel":"debug","message":"started gRPC server on port 62846"}
{"logLevel":"info","message":"Listening on port:62846"}
[pool-1-thread-1] INFO org.reflections.Reflections - Reflections took 3540 ms to scan 90 urls, producing 10312 keys and 55865 values
{"logLevel":"debug","message":"Scanning packages for steps"}
{"logLevel":"debug","message":"Comparing 'steps.GuestSteps.waitForsecond' and 'steps.GuestSteps.waitForsecond'"}
{"logLevel":"debug","message":"Found {} saniye bekle in current project scope."}
{"logLevel":"debug","message":"Comparing 'steps.LoginSteps.controlEmailPage' and 'steps.LoginSteps.controlEmailPage'"}
{"logLevel":"debug","message":"Found Login sayfası kontrol in current project scope."}
{"logLevel":"debug","message":"Comparing 'steps.LoginSteps.loginGooglePage' and 'steps.LoginSteps.loginGooglePage'"}
{"logLevel":"debug","message":"Found Google ile login olma in current project scope."}
{"logLevel":"debug","message":"Comparing 'steps.LoginSteps.loginGoogle' and 'steps.LoginSteps.loginGoogle'"}
{"logLevel":"debug","message":"Found Login Google in current project scope."}
{"logLevel":"debug","message":"Comparing 'steps.GuestSteps.loginClick' and 'steps.GuestSteps.loginClick'"}
{"logLevel":"debug","message":"Found Login butonuna tıkla in current project scope."}
{"logLevel":"debug","message":"Comparing 'steps.GuestSteps.findLogin' and 'steps.GuestSteps.findLogin'"}
{"logLevel":"debug","message":"Found Login butonunu bul in current project scope."}
{"logLevel":"debug","message":"Comparing 'steps.LoginSteps.controlGooglePage' and 'steps.LoginSteps.controlGooglePage'"}
{"logLevel":"debug","message":"Found Login google sayfası kontrol in current project scope."}
{"logLevel":"debug","message":"Comparing 'steps.GuestSteps.waitForsecond' and 'steps.LoginSteps.waitForsecond'"}
{"logLevel":"debug","message":"Comparing 'steps.LoginSteps.waitForsecond' and 'steps.LoginSteps.waitForsecond'"}
{"logLevel":"debug","message":"Found {} saniye bekle in current project scope."}
{"logLevel":"debug","message":"Comparing 'steps.GuestSteps.controlHepsiBurada' and 'steps.GuestSteps.controlHepsiBurada'"}
{"logLevel":"debug","message":"Found HepsiBurada Kontrol in current project scope."}
{"logLevel":"debug","message":"Scanning packages for hooks"}
{"logLevel":"debug","message":"Scanned steps (using static parsing + reflections): "}
{"logLevel":"debug","message":"\tLogin butonunu bul : public void findLogin()"}
{"logLevel":"debug","message":"\tLogin butonuna tıkla : public void loginClick()"}
{"logLevel":"debug","message":"\t{} saniye bekle : public void waitForsecond(ınt time) throws InterruptedException"}
{"logLevel":"debug","message":"\tHepsiBurada Kontrol : public void controlHepsiBurada()"}
{"logLevel":"debug","message":"\tLogin Google : public void loginGoogle()"}
{"logLevel":"debug","message":"\tGoogle ile login olma : public void loginGooglePage()"}
{"logLevel":"debug","message":"\tLogin google sayfası kontrol : public void controlGooglePage()"}
{"logLevel":"debug","message":"\tLogin sayfası kontrol : public void controlEmailPage()"}
[pool-2-thread-1] INFO org.reflections.Reflections - Reflections took 1259 ms to scan 90 urls, producing 10228 keys and 46845 values
{"logLevel":"debug","message":"Killing Java runner..."}
{"logLevel":"debug","message":"Stopping execution pool..."}
{"logLevel":"debug","message":"Shutting down grpc server..."}
{"logLevel":"debug","message":"Runner killed gracefully."}
