{"logLevel":"debug","message":"multithreading is set to false"}
{"logLevel":"debug","message":"Using reflection to scan dependencies for gauge implementations..."}
{"logLevel":"debug","message":"gauge-java took 2254milliseconds to load and scan. This should be less than 'runner_connection_timeout' config value."}
{"logLevel":"debug","message":"run 'gauge config runner_connection_timeout' and verify that it is < 2254"}
{"logLevel":"debug","message":"starting gRPC server..."}
{"logLevel":"debug","message":"started gRPC server on port 63810"}
{"logLevel":"info","message":"Listening on port:63810"}
[pool-1-thread-1] INFO org.reflections.Reflections - Reflections took 3251 ms to scan 90 urls, producing 10312 keys and 55864 values
{"logLevel":"debug","message":"Scanning packages for steps"}
{"logLevel":"debug","message":"Comparing 'steps.GuestSteps.waitForsecond' and 'steps.GuestSteps.waitForsecond'"}
{"logLevel":"debug","message":"Found {} saniye bekle in current project scope."}
{"logLevel":"debug","message":"Comparing 'steps.LoginSteps.controlEmailPage' and 'steps.LoginSteps.controlEmailPage'"}
{"logLevel":"debug","message":"Found Login sayfası kontrol in current project scope."}
{"logLevel":"debug","message":"Comparing 'steps.LoginSteps.loginGooglePage' and 'steps.LoginSteps.loginGooglePage'"}
{"logLevel":"debug","message":"Found Google ile login olma in current project scope."}
{"logLevel":"debug","message":"Comparing 'steps.LoginSteps.loginGoogle' and 'steps.LoginSteps.loginGoogle'"}
{"logLevel":"debug","message":"Found Login Google in current project scope."}
{"logLevel":"debug","message":"Comparing 'steps.GuestSteps.loginClick' and 'steps.GuestSteps.loginClick'"}
{"logLevel":"debug","message":"Found Login butonuna tıkla in current project scope."}
{"logLevel":"debug","message":"Comparing 'steps.GuestSteps.findLogin' and 'steps.GuestSteps.findLogin'"}
{"logLevel":"debug","message":"Found Login butonunu bul in current project scope."}
{"logLevel":"debug","message":"Comparing 'steps.LoginSteps.controlGooglePage' and 'steps.LoginSteps.controlGooglePage'"}
{"logLevel":"debug","message":"Found Login google sayfası kontrol in current project scope."}
{"logLevel":"debug","message":"Comparing 'steps.GuestSteps.controlHepsiBurada' and 'steps.GuestSteps.controlHepsiBurada'"}
{"logLevel":"debug","message":"Found HepsiBurada Kontrol in current project scope."}
{"logLevel":"debug","message":"Scanning packages for hooks"}
{"logLevel":"debug","message":"Scanned steps (using static parsing + reflections): "}
{"logLevel":"debug","message":"\tLogin butonunu bul : public void findLogin()"}
{"logLevel":"debug","message":"\tLogin butonuna tıkla : public void loginClick()"}
{"logLevel":"debug","message":"\t{} saniye bekle : public void waitForsecond(ınt time) throws InterruptedException"}
{"logLevel":"debug","message":"\tHepsiBurada Kontrol : public void controlHepsiBurada()"}
{"logLevel":"debug","message":"\tLogin Google : public void loginGoogle()"}
{"logLevel":"debug","message":"\tGoogle ile login olma : public void loginGooglePage()"}
{"logLevel":"debug","message":"\tLogin google sayfası kontrol : public void controlGooglePage()"}
{"logLevel":"debug","message":"\tLogin sayfası kontrol : public void controlEmailPage()"}
[pool-2-thread-1] INFO org.reflections.Reflections - Reflections took 1217 ms to scan 90 urls, producing 10228 keys and 46845 values
Starting ChromeDriver 106.0.5249.61 (511755355844955cd3e264779baf0dd38212a4d0-refs/branch-heads/5249@{#569}) on port 13519
Only local connections are allowed.
Please see https://chromedriver.chromium.org/security-considerations for suggestions on keeping ChromeDriver safe.
ChromeDriver was started successfully.
Eki 05, 2022 10:11:46 AM org.openqa.selenium.remote.ProtocolHandshake createSession
INFO: Detected dialect: W3C
{"logLevel":"debug","message":"Executing '{} saniye bekle' using 'class steps.GuestSteps.waitForsecond"}
{"logLevel":"debug","message":"Executing 'HepsiBurada Kontrol' using 'class steps.GuestSteps.controlHepsiBurada"}
{"logLevel":"debug","message":"Executing '{} saniye bekle' using 'class steps.GuestSteps.waitForsecond"}
{"logLevel":"debug","message":"Executing 'Login butonunu bul' using 'class steps.GuestSteps.findLogin"}
{"logLevel":"debug","message":"Executing '{} saniye bekle' using 'class steps.GuestSteps.waitForsecond"}
{"logLevel":"debug","message":"Executing 'Login butonuna tıkla' using 'class steps.GuestSteps.loginClick"}
{"logLevel":"debug","message":"Executing '{} saniye bekle' using 'class steps.GuestSteps.waitForsecond"}
Starting ChromeDriver 106.0.5249.61 (511755355844955cd3e264779baf0dd38212a4d0-refs/branch-heads/5249@{#569}) on port 27259
Only local connections are allowed.
Please see https://chromedriver.chromium.org/security-considerations for suggestions on keeping ChromeDriver safe.
ChromeDriver was started successfully.
Eki 05, 2022 10:12:09 AM org.openqa.selenium.remote.ProtocolHandshake createSession
INFO: Detected dialect: W3C
{"logLevel":"debug","message":"Executing '{} saniye bekle' using 'class steps.GuestSteps.waitForsecond"}
{"logLevel":"debug","message":"Executing 'Login sayfası kontrol' using 'class steps.LoginSteps.controlEmailPage"}
10:12:36.597 [pool-2-thread-1] ERROR methods.Methods - Expected condition failed: waiting for visibility of element located by By.cssSelector: input[id="txtUserName"] (tried for 20 second(s) with 250 milliseconds interval)
{"logLevel":"debug","message":"Killing Java runner..."}
{"logLevel":"debug","message":"Stopping execution pool..."}
{"logLevel":"debug","message":"Shutting down grpc server..."}
{"logLevel":"debug","message":"Runner killed gracefully."}
