{"logLevel":"debug","message":"multithreading is set to false"}
{"logLevel":"debug","message":"Using reflection to scan dependencies for gauge implementations..."}
{"logLevel":"debug","message":"gauge-java took 2093milliseconds to load and scan. This should be less than 'runner_connection_timeout' config value."}
{"logLevel":"debug","message":"run 'gauge config runner_connection_timeout' and verify that it is < 2093"}
{"logLevel":"debug","message":"starting gRPC server..."}
{"logLevel":"debug","message":"started gRPC server on port 51626"}
{"logLevel":"info","message":"Listening on port:51626"}
[pool-1-thread-1] INFO org.reflections.Reflections - Reflections took 3477 ms to scan 90 urls, producing 10306 keys and 55831 values
{"logLevel":"debug","message":"Scanning packages for steps"}
{"logLevel":"debug","message":"Comparing 'steps.GuestSteps.waitForsecond' and 'steps.GuestSteps.waitForsecond'"}
{"logLevel":"debug","message":"Found {} saniye bekle in current project scope."}
{"logLevel":"debug","message":"Comparing 'steps.GuestSteps.controlGuestPage' and 'steps.GuestSteps.controlGuestPage'"}
{"logLevel":"debug","message":"Found {} bul {} değerine tıkla in current project scope."}
{"logLevel":"debug","message":"Comparing 'steps.GuestSteps.clickByid' and 'steps.GuestSteps.clickByid'"}
{"logLevel":"debug","message":"Found {} İd'li elementi bul ve tıkla in current project scope."}
{"logLevel":"debug","message":"Scanning packages for hooks"}
{"logLevel":"debug","message":"Scanned steps (using static parsing + reflections): "}
{"logLevel":"debug","message":"\t{} bul {} değerine tıkla : public void controlGuestPage(String myaccount, String loginclick)"}
{"logLevel":"debug","message":"\t{} saniye bekle : public void waitForsecond(ınt time) throws InterruptedException"}
{"logLevel":"debug","message":"\t{} İd'li elementi bul ve tıkla : public void clickByid(String id)"}
[pool-2-thread-1] INFO org.reflections.Reflections - Reflections took 2214 ms to scan 90 urls, producing 10222 keys and 46826 values
{"logLevel":"debug","message":"Executing '{} saniye bekle' using 'class steps.GuestSteps.waitForsecond"}
{"logLevel":"debug","message":"Killing Java runner..."}
{"logLevel":"debug","message":"Stopping execution pool..."}
{"logLevel":"debug","message":"Shutting down grpc server..."}
{"logLevel":"debug","message":"Runner killed gracefully."}
